<?xml version="1.0" encoding="UTF-8"?>
<!-- Generated by org.testng.reporters.JUnitReportReporter -->
<testsuite hostname="LAPTOP-IEDOFH3F" failures="0" tests="1" name="Com.SalesForce.AutomationTests.TestNG" time="0.008" errors="0" timestamp="2024-02-17T19:51:31 CST" skipped="0">
  <testcase classname="Com.SalesForce.AutomationTests.TestNG" name="login" time="0.008"/>
  <system-out/>
</testsuite> <!-- Com.SalesForce.AutomationTests.TestNG -->
