<?xml version="1.0" encoding="UTF-8"?>
<!-- Generated by org.testng.reporters.JUnitReportReporter -->
<testsuite hostname="LAPTOP-IEDOFH3F" failures="0" tests="1" name="Com.SalesForce.Pages.LoginPage" time="16.038" errors="0" timestamp="2024-02-21T00:10:22 CST" skipped="0">
  <testcase classname="Com.SalesForce.Pages.LoginPage" name="LoginTOSFDC" time="16.038"/>
  <system-out/>
</testsuite> <!-- Com.SalesForce.Pages.LoginPage -->
